[debug] ----------------------------------------------------------------------
[debug] Command:      C:\Program Files\nodejs\node.exe C:\Users\mbrown\AppData\Roaming\npm\node_modules\firebase-tools\bin\firebase serve
[debug] CLI Version:  3.0.0
[debug] Platform:     win32
[debug] Node Version: v5.7.1
[debug] Time:         Fri Jun 24 2016 06:40:58 GMT-0600 (Mountain Daylight Time)
[debug] ----------------------------------------------------------------------
[debug] 
[info] Starting Firebase development server...
[info] 
[info] Project Directory: C:\cygwin64\home\MBrown\git\LilWarbucks
[info] Public Directory: public
[info] 
[info] Server listening at: http://localhost:5000
[debug] ----------------------------------------------------------------------
[debug] Command:      C:\Program Files\nodejs\node.exe C:\Users\mbrown\AppData\Roaming\npm\node_modules\firebase-tools\bin\firebase serve
[debug] CLI Version:  3.0.0
[debug] Platform:     win32
[debug] Node Version: v5.7.1
[debug] Time:         Fri Jun 24 2016 07:41:09 GMT-0600 (Mountain Daylight Time)
[debug] ----------------------------------------------------------------------
[debug] 
[info] Starting Firebase development server...
[info] 
[info] Project Directory: C:\cygwin64\home\MBrown\git\LilWarbucks
[info] Public Directory: public
[info] 
[info] Server listening at: http://localhost:5000
[debug] ----------------------------------------------------------------------
[debug] Command:      C:\Program Files\nodejs\node.exe C:\Users\mbrown\AppData\Roaming\npm\node_modules\firebase-tools\bin\firebase deploy
[debug] CLI Version:  3.0.0
[debug] Platform:     win32
[debug] Node Version: v5.7.1
[debug] Time:         Fri Jun 24 2016 07:45:21 GMT-0600 (Mountain Daylight Time)
[debug] ----------------------------------------------------------------------
[debug] 
[debug] > command requires scopes: ["email","openid","https://www.googleapis.com/auth/cloudplatformprojects.readonly","https://www.googleapis.com/auth/firebase"]
[debug] > refreshing access token with scopes: ["email","https://www.googleapis.com/auth/cloudplatformprojects.readonly","https://www.googleapis.com/auth/firebase","openid"]
[debug] >>> HTTP REQUEST POST https://www.googleapis.com/oauth2/v3/token
[debug] <<< HTTP RESPONSE 200
[debug] >>> HTTP REQUEST GET https://admin.firebase.com/v1/projects/lilwarbucks 
[debug] <<< HTTP RESPONSE 200
[debug] >>> HTTP REQUEST GET https://admin.firebase.com/v1/database/lilwarbucks/tokens 
[debug] <<< HTTP RESPONSE 200
[info] 
[info] === Deploying to 'lilwarbucks'...
[info] 
[info] i  deploying database, hosting
[info] i  hosting: preparing public directory for upload...
[debug] >>> HTTP REQUEST PUT https://deploy.firebase.com/v1/hosting/lilwarbucks/uploads/-KL1e5bZRrT7Pk-Uvgbp?fileCount=966&message= 
[debug] <<< HTTP RESPONSE 200
[info] +  hosting: 966 files uploaded successfully
[info] i  starting release process (may take several minutes)...
[debug] >>> HTTP REQUEST POST https://deploy.firebase.com/v1/projects/lilwarbucks/releases
