[debug] ----------------------------------------------------------------------
[debug] Command:      C:\Program Files\nodejs\node.exe C:\Users\mbrown\AppData\Roaming\npm\node_modules\firebase-tools\bin\firebase serve
[debug] CLI Version:  3.0.0
[debug] Platform:     win32
[debug] Node Version: v5.7.1
[debug] Time:         Wed Mar 01 2017 12:34:14 GMT-0700 (Mountain Standard Time)
[debug] ----------------------------------------------------------------------
[debug] 
[info] Starting Firebase development server...
[info] 
[info] Project Directory: C:\cygwin64\home\mbrown\git\LilWarbucks
[info] Public Directory: public
[info] 
[info] Server listening at: http://localhost:5000
[debug] ----------------------------------------------------------------------
[debug] Command:      C:\Program Files\nodejs\node.exe C:\Users\mbrown\AppData\Roaming\npm\node_modules\firebase-tools\bin\firebase serve
[debug] CLI Version:  3.0.0
[debug] Platform:     win32
[debug] Node Version: v5.7.1
[debug] Time:         Wed Mar 01 2017 12:36:18 GMT-0700 (Mountain Standard Time)
[debug] ----------------------------------------------------------------------
[debug] 
[info] Starting Firebase development server...
[info] 
[info] Project Directory: C:\cygwin64\home\mbrown\git\LilWarbucks
[info] Public Directory: public
[info] 
[info] Server listening at: http://localhost:5000
